<?xml version="1.0" encoding="UTF-8"?>
<testng-results ignored="0" total="4" passed="4" failed="0" skipped="0">
  <reporter-output>
  </reporter-output>
  <suite started-at="2025-03-18T11:00:10 IST" name="Suite" finished-at="2025-03-18T11:00:10 IST" duration-ms="122">
    <groups>
    </groups>
    <test started-at="2025-03-18T11:00:10 IST" name="Test" finished-at="2025-03-18T11:00:10 IST" duration-ms="122">
      <class name="pac1.ContactTest">
        <test-method signature="createContact()[pri:0, instance:pac1.ContactTest@229c6181]" started-at="2025-03-18T11:00:10 IST" name="createContact" finished-at="2025-03-18T11:00:10 IST" duration-ms="14" status="PASS">
          <reporter-output>
          </reporter-output>
        </test-method> <!-- createContact -->
        <test-method signature="modifyContact()[pri:0, instance:pac1.ContactTest@229c6181]" started-at="2025-03-18T11:00:10 IST" name="modifyContact" finished-at="2025-03-18T11:00:10 IST" duration-ms="3" status="PASS">
          <reporter-output>
          </reporter-output>
        </test-method> <!-- modifyContact -->
      </class> <!-- pac1.ContactTest -->
      <class name="pac2.OrganizationTest">
        <test-method signature="createorg()[pri:0, instance:pac2.OrganizationTest@20140db9]" started-at="2025-03-18T11:00:10 IST" name="createorg" finished-at="2025-03-18T11:00:10 IST" duration-ms="1" status="PASS">
          <reporter-output>
          </reporter-output>
        </test-method> <!-- createorg -->
        <test-method signature="modifyorg()[pri:0, instance:pac2.OrganizationTest@20140db9]" started-at="2025-03-18T11:00:10 IST" name="modifyorg" finished-at="2025-03-18T11:00:10 IST" duration-ms="2" status="PASS">
          <reporter-output>
          </reporter-output>
        </test-method> <!-- modifyorg -->
      </class> <!-- pac2.OrganizationTest -->
    </test> <!-- Test -->
  </suite> <!-- Suite -->
</testng-results>
