<?xml version="1.0" encoding="UTF-8"?>
<!-- Generated by org.testng.reporters.JUnitXMLReporter -->
<testsuite ignored="0" hostname="LAPTOP-6QELBI8G" failures="0" tests="4" name="Test" time="0.122" errors="0" timestamp="2025-03-18T11:00:10 IST">
  <testcase classname="pac1.ContactTest" name="createContact" time="0.014"/>
  <testcase classname="pac1.ContactTest" name="modifyContact" time="0.003"/>
  <testcase classname="pac2.OrganizationTest" name="createorg" time="0.001"/>
  <testcase classname="pac2.OrganizationTest" name="modifyorg" time="0.002"/>
</testsuite> <!-- Test -->
