<?xml version="1.0" encoding="UTF-8"?>
<!-- Generated by org.testng.reporters.JUnitXMLReporter -->
<testsuite ignored="0" hostname="LAPTOP-6QELBI8G" failures="0" tests="3" name="Default test" time="104.964" errors="0" timestamp="2025-03-04T17:03:04 IST">
  <testcase classname="com.comcast.crm.orgtest.CreateOrganizationTest3" name="createOrgTest" time="38.779"/>
  <testcase classname="com.comcast.crm.orgtest.CreateOrganizationTest3" name="createOrgWithIndustriesTest" time="11.506"/>
  <testcase classname="com.comcast.crm.orgtest.CreateOrganizationTest3" name="createOrgWithPhoenumberTest" time="11.195"/>
</testsuite> <!-- Default test -->
