<?xml version="1.0" encoding="UTF-8"?>
<testng-results ignored="0" total="1" passed="1" failed="0" skipped="0">
  <reporter-output>
  </reporter-output>
  <suite started-at="2024-05-14T14:18:00 IST" name="Default suite" finished-at="2024-05-14T14:18:32 IST" duration-ms="32605">
    <groups>
    </groups>
    <test started-at="2024-05-14T14:18:00 IST" name="Default test" finished-at="2024-05-14T14:18:32 IST" duration-ms="32605">
      <class name="vtiger.opportunity_module.ToCreateOpportunityTest">
        <test-method is-config="true" signature="bs()[pri:0, instance:vtiger.opportunity_module.ToCreateOpportunityTest@61001b64]" started-at="2024-05-14T14:18:00 IST" name="bs" finished-at="2024-05-14T14:18:00 IST" duration-ms="13" status="PASS">
          <reporter-output>
          </reporter-output>
        </test-method> <!-- bs -->
        <test-method is-config="true" signature="bc()[pri:0, instance:vtiger.opportunity_module.ToCreateOpportunityTest@61001b64]" started-at="2024-05-14T14:18:00 IST" name="bc" finished-at="2024-05-14T14:18:03 IST" duration-ms="2900" status="PASS">
          <reporter-output>
          </reporter-output>
        </test-method> <!-- bc -->
        <test-method is-config="true" signature="bm()[pri:0, instance:vtiger.opportunity_module.ToCreateOpportunityTest@61001b64]" started-at="2024-05-14T14:18:03 IST" name="bm" finished-at="2024-05-14T14:18:05 IST" duration-ms="2623" status="PASS">
          <reporter-output>
          </reporter-output>
        </test-method> <!-- bm -->
        <test-method signature="createOpportunityAndVerifyOpportunity()[pri:0, instance:vtiger.opportunity_module.ToCreateOpportunityTest@61001b64]" started-at="2024-05-14T14:18:05 IST" name="createOpportunityAndVerifyOpportunity" finished-at="2024-05-14T14:18:29 IST" duration-ms="23661" status="PASS">
          <reporter-output>
          </reporter-output>
        </test-method> <!-- createOpportunityAndVerifyOpportunity -->
        <test-method is-config="true" signature="am()[pri:0, instance:vtiger.opportunity_module.ToCreateOpportunityTest@61001b64]" started-at="2024-05-14T14:18:29 IST" name="am" finished-at="2024-05-14T14:18:30 IST" duration-ms="1438" status="PASS">
          <reporter-output>
          </reporter-output>
        </test-method> <!-- am -->
        <test-method is-config="true" signature="ac()[pri:0, instance:vtiger.opportunity_module.ToCreateOpportunityTest@61001b64]" started-at="2024-05-14T14:18:30 IST" name="ac" finished-at="2024-05-14T14:18:32 IST" duration-ms="1922" status="PASS">
          <reporter-output>
          </reporter-output>
        </test-method> <!-- ac -->
        <test-method is-config="true" signature="as()[pri:0, instance:vtiger.opportunity_module.ToCreateOpportunityTest@61001b64]" started-at="2024-05-14T14:18:32 IST" name="as" finished-at="2024-05-14T14:18:32 IST" duration-ms="2" status="FAIL">
          <exception class="java.lang.NullPointerException">
            <message>
              <![CDATA[Cannot invoke "org.openqa.selenium.bidi.Connection.close()" because "this.connection" is null]]>
            </message>
            <full-stacktrace>
              <![CDATA[java.lang.NullPointerException: Cannot invoke "org.openqa.selenium.bidi.Connection.close()" because "this.connection" is null
at vitiger.GenericUtility.BaseClass.as(BaseClass.java:85)
at java.base/jdk.internal.reflect.NativeMethodAccessorImpl.invoke0(Native Method)
at java.base/jdk.internal.reflect.NativeMethodAccessorImpl.invoke(NativeMethodAccessorImpl.java:77)
at java.base/jdk.internal.reflect.DelegatingMethodAccessorImpl.invoke(DelegatingMethodAccessorImpl.java:43)
at java.base/java.lang.reflect.Method.invoke(Method.java:568)
at org.testng.internal.MethodInvocationHelper.invokeMethod(MethodInvocationHelper.java:133)
at org.testng.internal.MethodInvocationHelper.invokeMethodConsideringTimeout(MethodInvocationHelper.java:62)
at org.testng.internal.ConfigInvoker.invokeConfigurationMethod(ConfigInvoker.java:385)
at org.testng.internal.ConfigInvoker.invokeConfigurations(ConfigInvoker.java:321)
at org.testng.SuiteRunner.privateRun(SuiteRunner.java:344)
at org.testng.SuiteRunner.run(SuiteRunner.java:276)
at org.testng.SuiteRunnerWorker.runSuite(SuiteRunnerWorker.java:53)
at org.testng.SuiteRunnerWorker.run(SuiteRunnerWorker.java:96)
at org.testng.TestNG.runSuitesSequentially(TestNG.java:1212)
at org.testng.TestNG.runSuitesLocally(TestNG.java:1134)
at org.testng.TestNG.runSuites(TestNG.java:1063)
at org.testng.TestNG.run(TestNG.java:1031)
at org.testng.remote.AbstractRemoteTestNG.run(AbstractRemoteTestNG.java:115)
at org.testng.remote.RemoteTestNG.initAndRun(RemoteTestNG.java:293)
at org.testng.remote.RemoteTestNG.main(RemoteTestNG.java:91)
]]>
            </full-stacktrace>
          </exception> <!-- java.lang.NullPointerException -->
          <reporter-output>
          </reporter-output>
        </test-method> <!-- as -->
      </class> <!-- vtiger.opportunity_module.ToCreateOpportunityTest -->
    </test> <!-- Default test -->
  </suite> <!-- Default suite -->
</testng-results>
