<?xml version="1.0" encoding="UTF-8"?>
<testng-results ignored="6" total="8" passed="2" failed="0" skipped="0">
  <reporter-output>
  </reporter-output>
  <suite started-at="2025-03-12T15:22:21 IST" name="Suite" finished-at="2025-03-12T15:23:46 IST" duration-ms="85263">
    <groups>
      <group name="smokeTest">
        <method signature="CreateContactTest3.createContactTest()[pri:0, instance:com.comcast.crm.contacttest.CreateContactTest3@4d154ccd]" name="createContactTest" class="com.comcast.crm.contacttest.CreateContactTest3"/>
        <method signature="CreateOrganizationTest3.createOrgTest()[pri:0, instance:com.comcast.crm.orgtest.CreateOrganizationTest3@3012646b]" name="createOrgTest" class="com.comcast.crm.orgtest.CreateOrganizationTest3"/>
      </group> <!-- smokeTest -->
    </groups>
    <test started-at="2025-03-12T15:22:21 IST" name="Test" finished-at="2025-03-12T15:23:46 IST" duration-ms="85263">
      <class name="com.comcast.crm.contacttest.CreateContactTest3">
        <test-method is-config="true" signature="configBC()[pri:0, instance:com.comcast.crm.contacttest.CreateContactTest3@4d154ccd]" started-at="2025-03-12T15:23:23 IST" name="configBC" finished-at="2025-03-12T15:23:25 IST" duration-ms="1414" status="PASS">
          <reporter-output>
          </reporter-output>
        </test-method> <!-- configBC -->
        <test-method is-config="true" signature="configBM()[pri:0, instance:com.comcast.crm.contacttest.CreateContactTest3@4d154ccd]" started-at="2025-03-12T15:23:25 IST" name="configBM" finished-at="2025-03-12T15:23:29 IST" duration-ms="4691" status="PASS">
          <reporter-output>
          </reporter-output>
        </test-method> <!-- configBM -->
        <test-method signature="createContactTest()[pri:0, instance:com.comcast.crm.contacttest.CreateContactTest3@4d154ccd]" started-at="2025-03-12T15:23:29 IST" name="createContactTest" finished-at="2025-03-12T15:23:42 IST" duration-ms="12604" status="PASS">
          <reporter-output>
          </reporter-output>
        </test-method> <!-- createContactTest -->
        <test-method is-config="true" signature="configAM()[pri:0, instance:com.comcast.crm.contacttest.CreateContactTest3@4d154ccd]" started-at="2025-03-12T15:23:42 IST" name="configAM" finished-at="2025-03-12T15:23:46 IST" duration-ms="3759" status="PASS">
          <reporter-output>
          </reporter-output>
        </test-method> <!-- configAM -->
        <test-method is-config="true" signature="configAC()[pri:0, instance:com.comcast.crm.contacttest.CreateContactTest3@4d154ccd]" started-at="2025-03-12T15:23:46 IST" name="configAC" finished-at="2025-03-12T15:23:46 IST" duration-ms="200" status="PASS">
          <reporter-output>
          </reporter-output>
        </test-method> <!-- configAC -->
      </class> <!-- com.comcast.crm.contacttest.CreateContactTest3 -->
      <class name="com.comcast.crm.orgtest.CreateOrganizationTest3">
        <test-method is-config="true" signature="configBS()[pri:0, instance:com.comcast.crm.orgtest.CreateOrganizationTest3@3012646b]" started-at="2025-03-12T15:22:20 IST" name="configBS" finished-at="2025-03-12T15:22:21 IST" duration-ms="435" status="PASS">
          <reporter-output>
          </reporter-output>
        </test-method> <!-- configBS -->
        <test-method is-config="true" signature="configBC()[pri:0, instance:com.comcast.crm.orgtest.CreateOrganizationTest3@3012646b]" started-at="2025-03-12T15:22:21 IST" name="configBC" finished-at="2025-03-12T15:22:28 IST" duration-ms="7110" status="PASS">
          <reporter-output>
          </reporter-output>
        </test-method> <!-- configBC -->
        <test-method is-config="true" signature="configBM()[pri:0, instance:com.comcast.crm.orgtest.CreateOrganizationTest3@3012646b]" started-at="2025-03-12T15:22:28 IST" name="configBM" finished-at="2025-03-12T15:22:39 IST" duration-ms="10906" status="PASS">
          <reporter-output>
          </reporter-output>
        </test-method> <!-- configBM -->
        <test-method signature="createOrgTest()[pri:0, instance:com.comcast.crm.orgtest.CreateOrganizationTest3@3012646b]" started-at="2025-03-12T15:22:39 IST" name="createOrgTest" finished-at="2025-03-12T15:23:18 IST" duration-ms="39580" status="PASS">
          <reporter-output>
          </reporter-output>
        </test-method> <!-- createOrgTest -->
        <test-method is-config="true" signature="configAM()[pri:0, instance:com.comcast.crm.orgtest.CreateOrganizationTest3@3012646b]" started-at="2025-03-12T15:23:18 IST" name="configAM" finished-at="2025-03-12T15:23:23 IST" duration-ms="4733" status="PASS">
          <reporter-output>
          </reporter-output>
        </test-method> <!-- configAM -->
        <test-method is-config="true" signature="configAC()[pri:0, instance:com.comcast.crm.orgtest.CreateOrganizationTest3@3012646b]" started-at="2025-03-12T15:23:23 IST" name="configAC" finished-at="2025-03-12T15:23:23 IST" duration-ms="203" status="PASS">
          <reporter-output>
          </reporter-output>
        </test-method> <!-- configAC -->
        <test-method is-config="true" signature="configAS()[pri:0, instance:com.comcast.crm.orgtest.CreateOrganizationTest3@3012646b]" started-at="2025-03-12T15:23:46 IST" name="configAS" finished-at="2025-03-12T15:23:46 IST" duration-ms="14" status="PASS">
          <reporter-output>
          </reporter-output>
        </test-method> <!-- configAS -->
      </class> <!-- com.comcast.crm.orgtest.CreateOrganizationTest3 -->
    </test> <!-- Test -->
  </suite> <!-- Suite -->
</testng-results>
