<?xml version="1.0" encoding="UTF-8"?>
<testng-results ignored="0" total="1" passed="1" failed="0" skipped="0">
  <reporter-output>
  </reporter-output>
  <suite started-at="2025-01-31T15:15:17 IST" name="Default suite" finished-at="2025-01-31T15:15:18 IST" duration-ms="666">
    <groups>
    </groups>
    <test started-at="2025-01-31T15:15:17 IST" name="Default test" finished-at="2025-01-31T15:15:18 IST" duration-ms="666">
      <class name="practice1.DataDrivenTesting.SmpleUnitTestCheckprojectInBackEnd">
        <test-method signature="projectCheckTest()[pri:0, instance:practice1.DataDrivenTesting.SmpleUnitTestCheckprojectInBackEnd@18df8434]" started-at="2025-01-31T15:15:17 IST" name="projectCheckTest" finished-at="2025-01-31T15:15:18 IST" duration-ms="588" status="PASS">
          <reporter-output>
          </reporter-output>
        </test-method> <!-- projectCheckTest -->
      </class> <!-- practice1.DataDrivenTesting.SmpleUnitTestCheckprojectInBackEnd -->
    </test> <!-- Default test -->
  </suite> <!-- Default suite -->
</testng-results>
