<?xml version="1.0" encoding="UTF-8"?>
<!-- Generated by org.testng.reporters.JUnitXMLReporter -->
<testsuite ignored="2" hostname="LAPTOP-6QELBI8G" failures="0" tests="6" name="TestRunner-Chrome" time="160.521" errors="0" timestamp="2025-02-14T10:39:46 IST">
  <testcase classname="com.comcast.crm.orgtest.CreateOrganizationTest3" name="createOrgTest" time="16.952"/>
  <testcase classname="com.comcast.crm.orgtest.CreateOrganizationTest3" name="createOrgWithIndustriesTest" time="14.817"/>
  <testcase classname="com.comcast.crm.orgtest.CreateOrganizationTest3" name="createOrgWithPhoenumberTest" time="13.982"/>
  <testcase classname="com.comcast.crm.contacttest.CreateContactTest3" name="createContactTest" time="16.675"/>
  <testcase classname="com.comcast.crm.contacttest.CreateContactTest3" name="createContactWithOrgTest" time="28.266"/>
  <testcase classname="com.comcast.crm.contacttest.CreateContactTest3" name="createContactWithSupportDateTest" time="14.926"/>
  <testcase classname="com.comcast.crm.basetest.BaseClass" name="@BeforeSuite configBS" time="0.0">
    <ignored/>
  </testcase> <!-- @BeforeSuite configBS -->
  <testcase classname="com.comcast.crm.basetest.BaseClass" name="@AfterSuite configAS" time="0.0">
    <ignored/>
  </testcase> <!-- @AfterSuite configAS -->
</testsuite> <!-- TestRunner-Chrome -->
