<?xml version="1.0" encoding="UTF-8"?>
<!-- Generated by org.testng.reporters.JUnitXMLReporter -->
<testsuite ignored="2" hostname="LAPTOP-6QELBI8G" failures="0" tests="6" name="TestRunner-EdgeTest" time="167.317" errors="0" timestamp="2025-02-14T10:39:53 IST">
  <testcase classname="com.comcast.crm.orgtest.CreateOrganizationTest3" name="createOrgTest" time="16.249"/>
  <testcase classname="com.comcast.crm.orgtest.CreateOrganizationTest3" name="createOrgWithIndustriesTest" time="14.715"/>
  <testcase classname="com.comcast.crm.orgtest.CreateOrganizationTest3" name="createOrgWithPhoenumberTest" time="14.161"/>
  <testcase classname="com.comcast.crm.contacttest.CreateContactTest3" name="createContactTest" time="15.592"/>
  <testcase classname="com.comcast.crm.contacttest.CreateContactTest3" name="createContactWithOrgTest" time="28.839"/>
  <testcase classname="com.comcast.crm.contacttest.CreateContactTest3" name="createContactWithSupportDateTest" time="13.966"/>
  <testcase classname="com.comcast.crm.basetest.BaseClass" name="@BeforeSuite configBS" time="0.0">
    <ignored/>
  </testcase> <!-- @BeforeSuite configBS -->
  <testcase classname="com.comcast.crm.basetest.BaseClass" name="@AfterSuite configAS" time="0.0">
    <ignored/>
  </testcase> <!-- @AfterSuite configAS -->
</testsuite> <!-- TestRunner-EdgeTest -->
